# JRE version: OpenJDK Runtime Environment (8.0_252-b09) (build 1.8.0_252-8u252-b09-1~16.04-b09)
# Java VM: OpenJDK 64-Bit Server VM (25.252-b09 mixed mode linux-amd64 compressed oops)
Heap:
 PSYoungGen      total 694272K, used 0K [0x00000000d5580000, 0x0000000100000000, 0x0000000100000000)
  eden space 689664K, 0% used [0x00000000d5580000,0x00000000d5580000,0x00000000ff700000)
  from space 4608K, 0% used [0x00000000ff700000,0x00000000ff700000,0x00000000ffb80000)
  to   space 4608K, 0% used [0x00000000ffb80000,0x00000000ffb80000,0x0000000100000000)
 ParOldGen       total 268800K, used 267443K [0x0000000080000000, 0x0000000090680000, 0x00000000d5580000)
  object space 268800K, 99% used [0x0000000080000000,0x000000009052cd38,0x0000000090680000)
 Metaspace       used 28713K, capacity 28980K, committed 29440K, reserved 1075200K
  class space    used 3415K, capacity 3513K, committed 3584K, reserved 1048576K
GC Heap History (10 events):
Event: 11879.751 GC heap after
Heap after GC invocations=1451 (full 10):
 PSYoungGen      total 691200K, used 2347K [0x00000000d5580000, 0x00000000fff00000, 0x0000000100000000)
  eden space 688640K, 0% used [0x00000000d5580000,0x00000000d5580000,0x00000000ff600000)
  from space 2560K, 91% used [0x00000000ff600000,0x00000000ff84ad10,0x00000000ff880000)
  to   space 4608K, 0% used [0x00000000ffa80000,0x00000000ffa80000,0x00000000fff00000)
 ParOldGen       total 268800K, used 267536K [0x0000000080000000, 0x0000000090680000, 0x00000000d5580000)
  object space 268800K, 99% used [0x0000000080000000,0x0000000090544378,0x0000000090680000)
 Metaspace       used 28713K, capacity 28980K, committed 29440K, reserved 1075200K
  class space    used 3415K, capacity 3513K, committed 3584K, reserved 1048576K
}
Event: 11889.698 GC heap before
{Heap before GC invocations=1452 (full 10):
 PSYoungGen      total 691200K, used 690987K [0x00000000d5580000, 0x00000000fff00000, 0x0000000100000000)
  eden space 688640K, 100% used [0x00000000d5580000,0x00000000ff600000,0x00000000ff600000)
  from space 2560K, 91% used [0x00000000ff600000,0x00000000ff84ad10,0x00000000ff880000)
  to   space 4608K, 0% used [0x00000000ffa80000,0x00000000ffa80000,0x00000000fff00000)
 ParOldGen       total 268800K, used 267536K [0x0000000080000000, 0x0000000090680000, 0x00000000d5580000)
  object space 268800K, 99% used [0x0000000080000000,0x0000000090544378,0x0000000090680000)
 Metaspace       used 28713K, capacity 28980K, committed 29440K, reserved 1075200K
  class space    used 3415K, capacity 3513K, committed 3584K, reserved 1048576K
Event: 11889.701 GC heap after
Heap after GC invocations=1452 (full 10):
 PSYoungGen      total 693248K, used 2364K [0x00000000d5580000, 0x0000000100000000, 0x0000000100000000)
  eden space 688640K, 0% used [0x00000000d5580000,0x00000000d5580000,0x00000000ff600000)
  from space 4608K, 51% used [0x00000000ffa80000,0x00000000ffccf248,0x00000000fff00000)
  to   space 4608K, 0% used [0x00000000ff600000,0x00000000ff600000,0x00000000ffa80000)
 ParOldGen       total 268800K, used 267664K [0x0000000080000000, 0x0000000090680000, 0x00000000d5580000)
  object space 268800K, 99% used [0x0000000080000000,0x0000000090564378,0x0000000090680000)
 Metaspace       used 28713K, capacity 28980K, committed 29440K, reserved 1075200K
  class space    used 3415K, capacity 3513K, committed 3584K, reserved 1048576K
}
Event: 11901.190 GC heap before
{Heap before GC invocations=1453 (full 10):
 PSYoungGen      total 693248K, used 691004K [0x00000000d5580000, 0x0000000100000000, 0x0000000100000000)
  eden space 688640K, 100% used [0x00000000d5580000,0x00000000ff600000,0x00000000ff600000)
  from space 4608K, 51% used [0x00000000ffa80000,0x00000000ffccf248,0x00000000fff00000)
  to   space 4608K, 0% used [0x00000000ff600000,0x00000000ff600000,0x00000000ffa80000)
 ParOldGen       total 268800K, used 267664K [0x0000000080000000, 0x0000000090680000, 0x00000000d5580000)
  object space 268800K, 99% used [0x0000000080000000,0x0000000090564378,0x0000000090680000)
 Metaspace       used 28713K, capacity 28980K, committed 29440K, reserved 1075200K
  class space    used 3415K, capacity 3513K, committed 3584K, reserved 1048576K
Event: 11901.192 GC heap after
Heap after GC invocations=1453 (full 10):
 PSYoungGen      total 693248K, used 2333K [0x00000000d5580000, 0x0000000100000000, 0x0000000100000000)
  eden space 688640K, 0% used [0x00000000d5580000,0x00000000d5580000,0x00000000ff600000)
  from space 4608K, 50% used [0x00000000ff600000,0x00000000ff847430,0x00000000ffa80000)
  to   space 4608K, 0% used [0x00000000ffb80000,0x00000000ffb80000,0x0000000100000000)
 ParOldGen       total 268800K, used 267808K [0x0000000080000000, 0x0000000090680000, 0x00000000d5580000)
  object space 268800K, 99% used [0x0000000080000000,0x0000000090588378,0x0000000090680000)
 Metaspace       used 28713K, capacity 28980K, committed 29440K, reserved 1075200K
  class space    used 3415K, capacity 3513K, committed 3584K, reserved 1048576K
}
Event: 11911.429 GC heap before
{Heap before GC invocations=1454 (full 10):
 PSYoungGen      total 693248K, used 690973K [0x00000000d5580000, 0x0000000100000000, 0x0000000100000000)
  eden space 688640K, 100% used [0x00000000d5580000,0x00000000ff600000,0x00000000ff600000)
  from space 4608K, 50% used [0x00000000ff600000,0x00000000ff847430,0x00000000ffa80000)
  to   space 4608K, 0% used [0x00000000ffb80000,0x00000000ffb80000,0x0000000100000000)
 ParOldGen       total 268800K, used 267808K [0x0000000080000000, 0x0000000090680000, 0x00000000d5580000)
  object space 268800K, 99% used [0x0000000080000000,0x0000000090588378,0x0000000090680000)
 Metaspace       used 28713K, capacity 28980K, committed 29440K, reserved 1075200K
  class space    used 3415K, capacity 3513K, committed 3584K, reserved 1048576K
Event: 11911.432 GC heap after
Heap after GC invocations=1454 (full 10):
 PSYoungGen      total 694272K, used 2334K [0x00000000d5580000, 0x0000000100000000, 0x0000000100000000)
  eden space 689664K, 0% used [0x00000000d5580000,0x00000000d5580000,0x00000000ff700000)
  from space 4608K, 50% used [0x00000000ffb80000,0x00000000ffdc78f8,0x0000000100000000)
  to   space 4608K, 0% used [0x00000000ff700000,0x00000000ff700000,0x00000000ffb80000)
 ParOldGen       total 268800K, used 267989K [0x0000000080000000, 0x0000000090680000, 0x00000000d5580000)
  object space 268800K, 99% used [0x0000000080000000,0x00000000905b5458,0x0000000090680000)
 Metaspace       used 28713K, capacity 28980K, committed 29440K, reserved 1075200K
  class space    used 3415K, capacity 3513K, committed 3584K, reserved 1048576K
}
Event: 11922.081 GC heap before
{Heap before GC invocations=1455 (full 10):
 PSYoungGen      total 694272K, used 691998K [0x00000000d5580000, 0x0000000100000000, 0x0000000100000000)
  eden space 689664K, 100% used [0x00000000d5580000,0x00000000ff700000,0x00000000ff700000)
  from space 4608K, 50% used [0x00000000ffb80000,0x00000000ffdc78f8,0x0000000100000000)
  to   space 4608K, 0% used [0x00000000ff700000,0x00000000ff700000,0x00000000ffb80000)
 ParOldGen       total 268800K, used 267989K [0x0000000080000000, 0x0000000090680000, 0x00000000d5580000)
  object space 268800K, 99% used [0x0000000080000000,0x00000000905b5458,0x0000000090680000)
 Metaspace       used 28713K, capacity 28980K, committed 29440K, reserved 1075200K
  class space    used 3415K, capacity 3513K, committed 3584K, reserved 1048576K
Event: 11922.084 GC heap after
Heap after GC invocations=1455 (full 10):
 PSYoungGen      total 694272K, used 2216K [0x00000000d5580000, 0x0000000100000000, 0x0000000100000000)
  eden space 689664K, 0% used [0x00000000d5580000,0x00000000d5580000,0x00000000ff700000)
  from space 4608K, 48% used [0x00000000ff700000,0x00000000ff92a1b8,0x00000000ffb80000)
  to   space 4608K, 0% used [0x00000000ffb80000,0x00000000ffb80000,0x0000000100000000)
 ParOldGen       total 268800K, used 268196K [0x0000000080000000, 0x0000000090680000, 0x00000000d5580000)
  object space 268800K, 99% used [0x0000000080000000,0x00000000905e9240,0x0000000090680000)
 Metaspace       used 28713K, capacity 28980K, committed 29440K, reserved 1075200K
  class space    used 3415K, capacity 3513K, committed 3584K, reserved 1048576K
}
Event: 11922.084 GC heap before
{Heap before GC invocations=1456 (full 11):
 PSYoungGen      total 694272K, used 2216K [0x00000000d5580000, 0x0000000100000000, 0x0000000100000000)
  eden space 689664K, 0% used [0x00000000d5580000,0x00000000d5580000,0x00000000ff700000)
  from space 4608K, 48% used [0x00000000ff700000,0x00000000ff92a1b8,0x00000000ffb80000)
  to   space 4608K, 0% used [0x00000000ffb80000,0x00000000ffb80000,0x0000000100000000)
 ParOldGen       total 268800K, used 268196K [0x0000000080000000, 0x0000000090680000, 0x00000000d5580000)
  object space 268800K, 99% used [0x0000000080000000,0x00000000905e9240,0x0000000090680000)
 Metaspace       used 28713K, capacity 28980K, committed 29440K, reserved 1075200K
  class space    used 3415K, capacity 3513K, committed 3584K, reserved 1048576K

