# JRE version: OpenJDK Runtime Environment (8.0_252-b09) (build 1.8.0_252-8u252-b09-1~16.04-b09)
# Java VM: OpenJDK 64-Bit Server VM (25.252-b09 mixed mode linux-amd64 compressed oops)
Heap:
 PSYoungGen      total 2635264K, used 7159K [0x0000000715580000, 0x00000007b6d80000, 0x00000007c0000000)
  eden space 2628096K, 0% used [0x0000000715580000,0x0000000715580000,0x00000007b5c00000)
  from space 7168K, 99% used [0x00000007b5c00000,0x00000007b62fdfa8,0x00000007b6300000)
  to   space 7168K, 0% used [0x00000007b6300000,0x00000007b6300000,0x00000007b6a00000)
 ParOldGen       total 428032K, used 360378K [0x00000005c0000000, 0x00000005da200000, 0x0000000715580000)
  object space 428032K, 84% used [0x00000005c0000000,0x00000005d5feeb00,0x00000005da200000)
 Metaspace       used 29727K, capacity 30088K, committed 30592K, reserved 1077248K
  class space    used 3506K, capacity 3631K, committed 3712K, reserved 1048576K
GC Heap History (10 events):
Event: 5817.595 GC heap after
Heap after GC invocations=5686 (full 22):
 PSYoungGen      total 2582016K, used 5652K [0x0000000715580000, 0x00000007b3780000, 0x00000007c0000000)
  eden space 2575360K, 0% used [0x0000000715580000,0x0000000715580000,0x00000007b2880000)
  from space 6656K, 84% used [0x00000007b2f00000,0x00000007b3485068,0x00000007b3580000)
  to   space 6656K, 0% used [0x00000007b2880000,0x00000007b2880000,0x00000007b2f00000)
 ParOldGen       total 428032K, used 357169K [0x00000005c0000000, 0x00000005da200000, 0x0000000715580000)
  object space 428032K, 83% used [0x00000005c0000000,0x00000005d5ccc4a0,0x00000005da200000)
 Metaspace       used 29727K, capacity 30088K, committed 30592K, reserved 1077248K
  class space    used 3506K, capacity 3631K, committed 3712K, reserved 1048576K
}
Event: 5840.062 GC heap before
{Heap before GC invocations=5687 (full 22):
 PSYoungGen      total 2582016K, used 2581012K [0x0000000715580000, 0x00000007b3780000, 0x00000007c0000000)
  eden space 2575360K, 100% used [0x0000000715580000,0x00000007b2880000,0x00000007b2880000)
  from space 6656K, 84% used [0x00000007b2f00000,0x00000007b3485068,0x00000007b3580000)
  to   space 6656K, 0% used [0x00000007b2880000,0x00000007b2880000,0x00000007b2f00000)
 ParOldGen       total 428032K, used 357169K [0x00000005c0000000, 0x00000005da200000, 0x0000000715580000)
  object space 428032K, 83% used [0x00000005c0000000,0x00000005d5ccc4a0,0x00000005da200000)
 Metaspace       used 29727K, capacity 30088K, committed 30592K, reserved 1077248K
  class space    used 3506K, capacity 3631K, committed 3712K, reserved 1048576K
Event: 5840.082 GC heap after
Heap after GC invocations=5687 (full 22):
 PSYoungGen      total 2582016K, used 5816K [0x0000000715580000, 0x00000007b5400000, 0x00000007c0000000)
  eden space 2575360K, 0% used [0x0000000715580000,0x0000000715580000,0x00000007b2880000)
  from space 6656K, 87% used [0x00000007b2880000,0x00000007b2e2e2c8,0x00000007b2f00000)
  to   space 6656K, 0% used [0x00000007b4d80000,0x00000007b4d80000,0x00000007b5400000)
 ParOldGen       total 428032K, used 357546K [0x00000005c0000000, 0x00000005da200000, 0x0000000715580000)
  object space 428032K, 83% used [0x00000005c0000000,0x00000005d5d2a990,0x00000005da200000)
 Metaspace       used 29727K, capacity 30088K, committed 30592K, reserved 1077248K
  class space    used 3506K, capacity 3631K, committed 3712K, reserved 1048576K
}
Event: 5882.091 GC heap before
{Heap before GC invocations=5688 (full 22):
 PSYoungGen      total 2582016K, used 2581176K [0x0000000715580000, 0x00000007b5400000, 0x00000007c0000000)
  eden space 2575360K, 100% used [0x0000000715580000,0x00000007b2880000,0x00000007b2880000)
  from space 6656K, 87% used [0x00000007b2880000,0x00000007b2e2e2c8,0x00000007b2f00000)
  to   space 6656K, 0% used [0x00000007b4d80000,0x00000007b4d80000,0x00000007b5400000)
 ParOldGen       total 428032K, used 357546K [0x00000005c0000000, 0x00000005da200000, 0x0000000715580000)
  object space 428032K, 83% used [0x00000005c0000000,0x00000005d5d2a990,0x00000005da200000)
 Metaspace       used 29727K, capacity 30088K, committed 30592K, reserved 1077248K
  class space    used 3506K, capacity 3631K, committed 3712K, reserved 1048576K
Event: 5882.107 GC heap after
Heap after GC invocations=5688 (full 22):
 PSYoungGen      total 2608128K, used 5957K [0x0000000715580000, 0x00000007b5380000, 0x00000007c0000000)
  eden space 2601984K, 0% used [0x0000000715580000,0x0000000715580000,0x00000007b4280000)
  from space 6144K, 96% used [0x00000007b4d80000,0x00000007b5351430,0x00000007b5380000)
  to   space 6656K, 0% used [0x00000007b4680000,0x00000007b4680000,0x00000007b4d00000)
 ParOldGen       total 428032K, used 357850K [0x00000005c0000000, 0x00000005da200000, 0x0000000715580000)
  object space 428032K, 83% used [0x00000005c0000000,0x00000005d5d76990,0x00000005da200000)
 Metaspace       used 29727K, capacity 30088K, committed 30592K, reserved 1077248K
  class space    used 3506K, capacity 3631K, committed 3712K, reserved 1048576K
}
Event: 5934.838 GC heap before
{Heap before GC invocations=5689 (full 22):
 PSYoungGen      total 2608128K, used 2607941K [0x0000000715580000, 0x00000007b5380000, 0x00000007c0000000)
  eden space 2601984K, 100% used [0x0000000715580000,0x00000007b4280000,0x00000007b4280000)
  from space 6144K, 96% used [0x00000007b4d80000,0x00000007b5351430,0x00000007b5380000)
  to   space 6656K, 0% used [0x00000007b4680000,0x00000007b4680000,0x00000007b4d00000)
 ParOldGen       total 428032K, used 357850K [0x00000005c0000000, 0x00000005da200000, 0x0000000715580000)
  object space 428032K, 83% used [0x00000005c0000000,0x00000005d5d769a8,0x00000005da200000)
 Metaspace       used 29727K, capacity 30088K, committed 30592K, reserved 1077248K
  class space    used 3506K, capacity 3631K, committed 3712K, reserved 1048576K
Event: 5934.874 GC heap after
Heap after GC invocations=5689 (full 22):
 PSYoungGen      total 2612736K, used 6358K [0x0000000715580000, 0x00000007b6a00000, 0x00000007c0000000)
  eden space 2606080K, 0% used [0x0000000715580000,0x0000000715580000,0x00000007b4680000)
  from space 6656K, 95% used [0x00000007b4680000,0x00000007b4cb5928,0x00000007b4d00000)
  to   space 7168K, 0% used [0x00000007b6300000,0x00000007b6300000,0x00000007b6a00000)
 ParOldGen       total 428032K, used 358354K [0x00000005c0000000, 0x00000005da200000, 0x0000000715580000)
  object space 428032K, 83% used [0x00000005c0000000,0x00000005d5df4a68,0x00000005da200000)
 Metaspace       used 29727K, capacity 30088K, committed 30592K, reserved 1077248K
  class space    used 3506K, capacity 3631K, committed 3712K, reserved 1048576K
}
Event: 6002.818 GC heap before
{Heap before GC invocations=5690 (full 22):
 PSYoungGen      total 2612736K, used 2612438K [0x0000000715580000, 0x00000007b6a00000, 0x00000007c0000000)
  eden space 2606080K, 100% used [0x0000000715580000,0x00000007b4680000,0x00000007b4680000)
  from space 6656K, 95% used [0x00000007b4680000,0x00000007b4cb5928,0x00000007b4d00000)
  to   space 7168K, 0% used [0x00000007b6300000,0x00000007b6300000,0x00000007b6a00000)
 ParOldGen       total 428032K, used 358356K [0x00000005c0000000, 0x00000005da200000, 0x0000000715580000)
  object space 428032K, 83% used [0x00000005c0000000,0x00000005d5df5248,0x00000005da200000)
 Metaspace       used 29727K, capacity 30088K, committed 30592K, reserved 1077248K
  class space    used 3506K, capacity 3631K, committed 3712K, reserved 1048576K
Event: 6002.902 GC heap after
Heap after GC invocations=5690 (full 22):
 PSYoungGen      total 2635264K, used 6163K [0x0000000715580000, 0x00000007b6d80000, 0x00000007c0000000)
  eden space 2628096K, 0% used [0x0000000715580000,0x0000000715580000,0x00000007b5c00000)
  from space 7168K, 85% used [0x00000007b6300000,0x00000007b6904cd8,0x00000007b6a00000)
  to   space 7168K, 0% used [0x00000007b5c00000,0x00000007b5c00000,0x00000007b6300000)
 ParOldGen       total 428032K, used 358983K [0x00000005c0000000, 0x00000005da200000, 0x0000000715580000)
  object space 428032K, 83% used [0x00000005c0000000,0x00000005d5e91e98,0x00000005da200000)
 Metaspace       used 29727K, capacity 30088K, committed 30592K, reserved 1077248K
  class space    used 3506K, capacity 3631K, committed 3712K, reserved 1048576K
}
Event: 6377.910 GC heap before
{Heap before GC invocations=5691 (full 22):
 PSYoungGen      total 2635264K, used 2634259K [0x0000000715580000, 0x00000007b6d80000, 0x00000007c0000000)
  eden space 2628096K, 100% used [0x0000000715580000,0x00000007b5c00000,0x00000007b5c00000)
  from space 7168K, 85% used [0x00000007b6300000,0x00000007b6904cd8,0x00000007b6a00000)
  to   space 7168K, 0% used [0x00000007b5c00000,0x00000007b5c00000,0x00000007b6300000)
 ParOldGen       total 428032K, used 358983K [0x00000005c0000000, 0x00000005da200000, 0x0000000715580000)
  object space 428032K, 83% used [0x00000005c0000000,0x00000005d5e91e98,0x00000005da200000)
 Metaspace       used 29727K, capacity 30088K, committed 30592K, reserved 1077248K
  class space    used 3506K, capacity 3631K, committed 3712K, reserved 1048576K

