# JRE version: Java(TM) SE Runtime Environment (8.0_201-b09) (build 1.8.0_201-b09)
# Java VM: Java HotSpot(TM) 64-Bit Server VM (25.201-b09 mixed mode linux-amd64 compressed oops)
Heap:
 PSYoungGen      total 2291200K, used 543701K [0x0000000715580000, 0x00000007afd80000, 0x00000007c0000000)
  eden space 2211328K, 24% used [0x0000000715580000,0x00000007368754c0,0x000000079c500000)
  from space 79872K, 0% used [0x000000079c500000,0x000000079c500000,0x00000007a1300000)
  to   space 158208K, 0% used [0x00000007a6300000,0x00000007a6300000,0x00000007afd80000)
 ParOldGen       total 2727424K, used 2726971K [0x00000005c0000000, 0x0000000666780000, 0x0000000715580000)
  object space 2727424K, 99% used [0x00000005c0000000,0x000000066670ed30,0x0000000666780000)
 Metaspace       used 38130K, capacity 39376K, committed 39552K, reserved 1083392K
  class space    used 4540K, capacity 4908K, committed 4992K, reserved 1048576K
GC Heap History (10 events):
Event: 47320.789 GC heap after
Heap after GC invocations=1731 (full 16):
 PSYoungGen      total 2291200K, used 1492489K [0x0000000715580000, 0x00000007afd80000, 0x00000007c0000000)
  eden space 2211328K, 67% used [0x0000000715580000,0x0000000770702630,0x000000079c500000)
  from space 79872K, 0% used [0x000000079c500000,0x000000079c500000,0x00000007a1300000)
  to   space 158208K, 0% used [0x00000007a6300000,0x00000007a6300000,0x00000007afd80000)
 ParOldGen       total 1482752K, used 1231219K [0x00000005c0000000, 0x000000061a800000, 0x0000000715580000)
  object space 1482752K, 83% used [0x00000005c0000000,0x000000060b25cfe8,0x000000061a800000)
 Metaspace       used 37812K, capacity 38944K, committed 39296K, reserved 1083392K
  class space    used 4511K, capacity 4857K, committed 4992K, reserved 1048576K
}
Event: 47464.346 GC heap before
{Heap before GC invocations=1732 (full 16):
 PSYoungGen      total 2291200K, used 1932303K [0x0000000715580000, 0x00000007afd80000, 0x00000007c0000000)
  eden space 2211328K, 87% used [0x0000000715580000,0x000000078b483d58,0x000000079c500000)
  from space 79872K, 0% used [0x000000079c500000,0x000000079c500000,0x00000007a1300000)
  to   space 158208K, 0% used [0x00000007a6300000,0x00000007a6300000,0x00000007afd80000)
 ParOldGen       total 1482752K, used 1231219K [0x00000005c0000000, 0x000000061a800000, 0x0000000715580000)
  object space 1482752K, 83% used [0x00000005c0000000,0x000000060b25cfe8,0x000000061a800000)
 Metaspace       used 37852K, capacity 38954K, committed 39296K, reserved 1083392K
  class space    used 4512K, capacity 4858K, committed 4992K, reserved 1048576K
Event: 47475.630 GC heap after
Heap after GC invocations=1732 (full 16):
 PSYoungGen      total 2291200K, used 1932303K [0x0000000715580000, 0x00000007afd80000, 0x00000007c0000000)
  eden space 2211328K, 87% used [0x0000000715580000,0x000000078b483d58,0x000000079c500000)
  from space 79872K, 0% used [0x000000079c500000,0x000000079c500000,0x00000007a1300000)
  to   space 158208K, 99% used [0x00000007a6300000,0x00000007afd7fcb8,0x00000007afd80000)
 ParOldGen       total 2072576K, used 2071693K [0x00000005c0000000, 0x000000063e800000, 0x0000000715580000)
  object space 2072576K, 99% used [0x00000005c0000000,0x000000063e7237e8,0x000000063e800000)
 Metaspace       used 37852K, capacity 38954K, committed 39296K, reserved 1083392K
  class space    used 4512K, capacity 4858K, committed 4992K, reserved 1048576K
}
Event: 47475.630 GC heap before
{Heap before GC invocations=1733 (full 17):
 PSYoungGen      total 2291200K, used 1932303K [0x0000000715580000, 0x00000007afd80000, 0x00000007c0000000)
  eden space 2211328K, 87% used [0x0000000715580000,0x000000078b483d58,0x000000079c500000)
  from space 79872K, 0% used [0x000000079c500000,0x000000079c500000,0x00000007a1300000)
  to   space 158208K, 99% used [0x00000007a6300000,0x00000007afd7fcb8,0x00000007afd80000)
 ParOldGen       total 2072576K, used 2071693K [0x00000005c0000000, 0x000000063e800000, 0x0000000715580000)
  object space 2072576K, 99% used [0x00000005c0000000,0x000000063e7237e8,0x000000063e800000)
 Metaspace       used 37852K, capacity 38954K, committed 39296K, reserved 1083392K
  class space    used 4512K, capacity 4858K, committed 4992K, reserved 1048576K
Event: 47476.933 GC heap after
Heap after GC invocations=1733 (full 17):
 PSYoungGen      total 2291200K, used 653667K [0x0000000715580000, 0x00000007afd80000, 0x00000007c0000000)
  eden space 2211328K, 29% used [0x0000000715580000,0x000000073d3d8ca0,0x000000079c500000)
  from space 79872K, 0% used [0x000000079c500000,0x000000079c500000,0x00000007a1300000)
  to   space 158208K, 0% used [0x00000007a6300000,0x00000007a6300000,0x00000007afd80000)
 ParOldGen       total 2072576K, used 2072121K [0x00000005c0000000, 0x000000063e800000, 0x0000000715580000)
  object space 2072576K, 99% used [0x00000005c0000000,0x000000063e78e698,0x000000063e800000)
 Metaspace       used 37852K, capacity 38954K, committed 39296K, reserved 1083392K
  class space    used 4512K, capacity 4858K, committed 4992K, reserved 1048576K
}
Event: 47822.263 GC heap before
{Heap before GC invocations=1734 (full 18):
 PSYoungGen      total 2291200K, used 2211328K [0x0000000715580000, 0x00000007afd80000, 0x00000007c0000000)
  eden space 2211328K, 100% used [0x0000000715580000,0x000000079c500000,0x000000079c500000)
  from space 79872K, 0% used [0x000000079c500000,0x000000079c500000,0x00000007a1300000)
  to   space 158208K, 0% used [0x00000007a6300000,0x00000007a6300000,0x00000007afd80000)
 ParOldGen       total 2072576K, used 2072121K [0x00000005c0000000, 0x000000063e800000, 0x0000000715580000)
  object space 2072576K, 99% used [0x00000005c0000000,0x000000063e78e698,0x000000063e800000)
 Metaspace       used 38117K, capacity 39364K, committed 39552K, reserved 1083392K
  class space    used 4540K, capacity 4908K, committed 4992K, reserved 1048576K
Event: 47823.559 GC heap after
Heap after GC invocations=1734 (full 18):
 PSYoungGen      total 2291200K, used 1183514K [0x0000000715580000, 0x00000007afd80000, 0x00000007c0000000)
  eden space 2211328K, 53% used [0x0000000715580000,0x000000075d946b30,0x000000079c500000)
  from space 79872K, 0% used [0x000000079c500000,0x000000079c500000,0x00000007a1300000)
  to   space 158208K, 0% used [0x00000007a6300000,0x00000007a6300000,0x00000007afd80000)
 ParOldGen       total 2355712K, used 2071818K [0x00000005c0000000, 0x000000064fc80000, 0x0000000715580000)
  object space 2355712K, 87% used [0x00000005c0000000,0x000000063e742940,0x000000064fc80000)
 Metaspace       used 38117K, capacity 39364K, committed 39552K, reserved 1083392K
  class space    used 4540K, capacity 4908K, committed 4992K, reserved 1048576K
}
Event: 47957.744 GC heap before
{Heap before GC invocations=1735 (full 18):
 PSYoungGen      total 2291200K, used 2211328K [0x0000000715580000, 0x00000007afd80000, 0x00000007c0000000)
  eden space 2211328K, 100% used [0x0000000715580000,0x000000079c500000,0x000000079c500000)
  from space 79872K, 0% used [0x000000079c500000,0x000000079c500000,0x00000007a1300000)
  to   space 158208K, 0% used [0x00000007a6300000,0x00000007a6300000,0x00000007afd80000)
 ParOldGen       total 2355712K, used 2071818K [0x00000005c0000000, 0x000000064fc80000, 0x0000000715580000)
  object space 2355712K, 87% used [0x00000005c0000000,0x000000063e742940,0x000000064fc80000)
 Metaspace       used 38130K, capacity 39376K, committed 39552K, reserved 1083392K
  class space    used 4540K, capacity 4908K, committed 4992K, reserved 1048576K
Event: 47962.123 GC heap after
Heap after GC invocations=1735 (full 18):
 PSYoungGen      total 2291200K, used 2211328K [0x0000000715580000, 0x00000007afd80000, 0x00000007c0000000)
  eden space 2211328K, 100% used [0x0000000715580000,0x000000079c500000,0x000000079c500000)
  from space 79872K, 0% used [0x000000079c500000,0x000000079c500000,0x00000007a1300000)
  to   space 158208K, 99% used [0x00000007a6300000,0x00000007afd7c3d0,0x00000007afd80000)
 ParOldGen       total 2727424K, used 2726055K [0x00000005c0000000, 0x0000000666780000, 0x0000000715580000)
  object space 2727424K, 99% used [0x00000005c0000000,0x0000000666629d38,0x0000000666780000)
 Metaspace       used 38130K, capacity 39376K, committed 39552K, reserved 1083392K
  class space    used 4540K, capacity 4908K, committed 4992K, reserved 1048576K
}
Event: 47962.123 GC heap before
{Heap before GC invocations=1736 (full 19):
 PSYoungGen      total 2291200K, used 2211328K [0x0000000715580000, 0x00000007afd80000, 0x00000007c0000000)
  eden space 2211328K, 100% used [0x0000000715580000,0x000000079c500000,0x000000079c500000)
  from space 79872K, 0% used [0x000000079c500000,0x000000079c500000,0x00000007a1300000)
  to   space 158208K, 99% used [0x00000007a6300000,0x00000007afd7c3d0,0x00000007afd80000)
 ParOldGen       total 2727424K, used 2726055K [0x00000005c0000000, 0x0000000666780000, 0x0000000715580000)
  object space 2727424K, 99% used [0x00000005c0000000,0x0000000666629d38,0x0000000666780000)
 Metaspace       used 38130K, capacity 39376K, committed 39552K, reserved 1083392K
  class space    used 4540K, capacity 4908K, committed 4992K, reserved 1048576K

